<?xml version="1.0" encoding="UTF-8"?>
<testsuite name="com.jojoldu.book.springboot.web.IndexControllerTest" tests="1" skipped="0" failures="0" errors="0" timestamp="2020-08-28T08:15:35" hostname="seongui-MacBookPro.local" time="0.194">
  <properties/>
  <testcase name="메인페이지_로딩" classname="com.jojoldu.book.springboot.web.IndexControllerTest" time="0.194"/>
  <system-out><![CDATA[2020-08-28 17:15:31.463  INFO 46624 --- [    Test worker] .b.t.c.SpringBootTestContextBootstrapper : Neither @ContextConfiguration nor @ContextHierarchy found for test class [com.jojoldu.book.springboot.web.IndexControllerTest], using SpringBootContextLoader
2020-08-28 17:15:31.463  INFO 46624 --- [    Test worker] o.s.t.c.support.AbstractContextLoader    : Could not detect default resource locations for test class [com.jojoldu.book.springboot.web.IndexControllerTest]: no resource found for suffixes {-context.xml, Context.groovy}.
2020-08-28 17:15:31.464  INFO 46624 --- [    Test worker] t.c.s.AnnotationConfigContextLoaderUtils : Could not detect default configuration classes for test class [com.jojoldu.book.springboot.web.IndexControllerTest]: IndexControllerTest does not declare any static, non-private, non-final, nested classes annotated with @Configuration.
2020-08-28 17:15:31.465  INFO 46624 --- [    Test worker] .b.t.c.SpringBootTestContextBootstrapper : Found @SpringBootConfiguration com.jojoldu.book.springboot.Application for test class com.jojoldu.book.springboot.web.IndexControllerTest
2020-08-28 17:15:31.467  INFO 46624 --- [    Test worker] .b.t.c.SpringBootTestContextBootstrapper : Loaded default TestExecutionListener class names from location [META-INF/spring.factories]: [org.springframework.security.test.context.support.WithSecurityContextTestExecutionListener, org.springframework.security.test.context.support.ReactorContextTestExecutionListener, org.springframework.boot.test.autoconfigure.restdocs.RestDocsTestExecutionListener, org.springframework.boot.test.autoconfigure.web.client.MockRestServiceServerResetTestExecutionListener, org.springframework.boot.test.autoconfigure.web.servlet.MockMvcPrintOnlyOnFailureTestExecutionListener, org.springframework.boot.test.autoconfigure.web.servlet.WebDriverTestExecutionListener, org.springframework.boot.test.mock.mockito.MockitoTestExecutionListener, org.springframework.boot.test.mock.mockito.ResetMocksTestExecutionListener, org.springframework.test.context.web.ServletTestExecutionListener, org.springframework.test.context.support.DirtiesContextBeforeModesTestExecutionListener, org.springframework.test.context.support.DependencyInjectionTestExecutionListener, org.springframework.test.context.support.DirtiesContextTestExecutionListener, org.springframework.test.context.transaction.TransactionalTestExecutionListener, org.springframework.test.context.jdbc.SqlScriptsTestExecutionListener]
2020-08-28 17:15:31.468  INFO 46624 --- [    Test worker] .b.t.c.SpringBootTestContextBootstrapper : Using TestExecutionListeners: [org.springframework.test.context.web.ServletTestExecutionListener@44c6ee54, org.springframework.test.context.support.DirtiesContextBeforeModesTestExecutionListener@26971a2f, org.springframework.boot.test.mock.mockito.MockitoTestExecutionListener@3d996fc9, org.springframework.boot.test.autoconfigure.SpringBootDependencyInjectionTestExecutionListener@4a99bb55, org.springframework.test.context.support.DirtiesContextTestExecutionListener@395e481c, org.springframework.test.context.transaction.TransactionalTestExecutionListener@27066b7a, org.springframework.test.context.jdbc.SqlScriptsTestExecutionListener@5197af74, org.springframework.security.test.context.support.WithSecurityContextTestExecutionListener@5653f500, org.springframework.security.test.context.support.ReactorContextTestExecutionListener@1d86597e, org.springframework.boot.test.autoconfigure.restdocs.RestDocsTestExecutionListener@9cfbc0f, org.springframework.boot.test.autoconfigure.web.client.MockRestServiceServerResetTestExecutionListener@65cf5e4d, org.springframework.boot.test.autoconfigure.web.servlet.MockMvcPrintOnlyOnFailureTestExecutionListener@2c7d4c01, org.springframework.boot.test.autoconfigure.web.servlet.WebDriverTestExecutionListener@31fbd59, org.springframework.boot.test.mock.mockito.ResetMocksTestExecutionListener@774446f1]

  .   ____          _            __ _ _
 /\\ / ___'_ __ _ _(_)_ __  __ _ \ \ \ \
( ( )\___ | '_ | '_| | '_ \/ _` | \ \ \ \
 \\/  ___)| |_)| | | | | || (_| |  ) ) ) )
  '  |____| .__|_| |_|_| |_\__, | / / / /
 =========|_|==============|___/=/_/_/_/
 :: Spring Boot ::        (v2.1.7.RELEASE)

2020-08-28 17:15:31.490  INFO 46624 --- [    Test worker] c.j.b.s.web.IndexControllerTest          : Starting IndexControllerTest on seongui-MacBookPro.local with PID 46624 (started by chino24 in /Users/chino24/projects/study/springboot2)
2020-08-28 17:15:31.491  INFO 46624 --- [    Test worker] c.j.b.s.web.IndexControllerTest          : No active profile set, falling back to default profiles: default
2020-08-28 17:15:31.797  INFO 46624 --- [    Test worker] .s.d.r.c.RepositoryConfigurationDelegate : Bootstrapping Spring Data repositories in DEFAULT mode.
2020-08-28 17:15:31.852  INFO 46624 --- [    Test worker] .s.d.r.c.RepositoryConfigurationDelegate : Finished Spring Data repository scanning in 47ms. Found 2 repository interfaces.
2020-08-28 17:15:32.074  INFO 46624 --- [    Test worker] trationDelegate$BeanPostProcessorChecker : Bean 'org.springframework.transaction.annotation.ProxyTransactionManagementConfiguration' of type [org.springframework.transaction.annotation.ProxyTransactionManagementConfiguration$$EnhancerBySpringCGLIB$$8419c3ee] is not eligible for getting processed by all BeanPostProcessors (for example: not eligible for auto-proxying)
2020-08-28 17:15:32.352  INFO 46624 --- [    Test worker] o.s.b.w.embedded.tomcat.TomcatWebServer  : Tomcat initialized with port(s): 0 (http)
2020-08-28 17:15:32.379  INFO 46624 --- [    Test worker] o.apache.catalina.core.StandardService   : Starting service [Tomcat]
2020-08-28 17:15:32.379  INFO 46624 --- [    Test worker] org.apache.catalina.core.StandardEngine  : Starting Servlet engine: [Apache Tomcat/9.0.22]
2020-08-28 17:15:32.494  INFO 46624 --- [    Test worker] o.a.c.c.C.[Tomcat].[localhost].[/]       : Initializing Spring embedded WebApplicationContext
2020-08-28 17:15:32.495  INFO 46624 --- [    Test worker] o.s.web.context.ContextLoader            : Root WebApplicationContext: initialization completed in 1002 ms
2020-08-28 17:15:32.705  INFO 46624 --- [    Test worker] com.zaxxer.hikari.HikariDataSource       : HikariPool-1 - Starting...
2020-08-28 17:15:32.844  INFO 46624 --- [    Test worker] com.zaxxer.hikari.HikariDataSource       : HikariPool-1 - Start completed.
2020-08-28 17:15:32.922  INFO 46624 --- [    Test worker] o.hibernate.jpa.internal.util.LogHelper  : HHH000204: Processing PersistenceUnitInfo [
	name: default
	...]
2020-08-28 17:15:32.978  INFO 46624 --- [    Test worker] org.hibernate.Version                    : HHH000412: Hibernate Core {5.3.10.Final}
2020-08-28 17:15:32.980  INFO 46624 --- [    Test worker] org.hibernate.cfg.Environment            : HHH000206: hibernate.properties not found
2020-08-28 17:15:33.023  INFO 46624 --- [    Test worker] o.hibernate.annotations.common.Version   : HCANN000001: Hibernate Commons Annotations {5.0.4.Final}
2020-08-28 17:15:33.144  INFO 46624 --- [    Test worker] org.hibernate.dialect.Dialect            : HHH000400: Using dialect: org.hibernate.dialect.MySQL5InnoDBDialect
Hibernate: drop table if exists posts
Hibernate: drop table if exists user
Hibernate: create table posts (id bigint not null auto_increment, created_date datetime, modified_date datetime, author varchar(255), content TEXT not null, title varchar(500) not null, primary key (id)) engine=InnoDB
Hibernate: create table user (id bigint not null auto_increment, created_date datetime, modified_date datetime, email varchar(255) not null, name varchar(255) not null, picture varchar(255), role varchar(255) not null, primary key (id)) engine=InnoDB
2020-08-28 17:15:33.874  INFO 46624 --- [    Test worker] o.h.t.schema.internal.SchemaCreatorImpl  : HHH000476: Executing import script 'org.hibernate.tool.schema.internal.exec.ScriptSourceInputNonExistentImpl@60b64d4c'
2020-08-28 17:15:33.876  INFO 46624 --- [    Test worker] j.LocalContainerEntityManagerFactoryBean : Initialized JPA EntityManagerFactory for persistence unit 'default'
2020-08-28 17:15:34.425  INFO 46624 --- [    Test worker] o.h.h.i.QueryTranslatorFactoryInitiator  : HHH000397: Using ASTQueryTranslatorFactory
2020-08-28 17:15:34.716  INFO 46624 --- [    Test worker] o.s.s.web.DefaultSecurityFilterChain     : Creating filter chain: any request, [org.springframework.security.web.context.request.async.WebAsyncManagerIntegrationFilter@16d999a, org.springframework.security.web.context.SecurityContextPersistenceFilter@7e1c5902, org.springframework.security.web.header.HeaderWriterFilter@1f410933, org.springframework.security.web.authentication.logout.LogoutFilter@88d00, org.springframework.security.oauth2.client.web.OAuth2AuthorizationRequestRedirectFilter@435d6bef, org.springframework.security.oauth2.client.web.OAuth2LoginAuthenticationFilter@79ec12f6, org.springframework.security.web.authentication.ui.DefaultLoginPageGeneratingFilter@1c4013c3, org.springframework.security.web.authentication.ui.DefaultLogoutPageGeneratingFilter@a915d5e, org.springframework.security.web.savedrequest.RequestCacheAwareFilter@24de570d, org.springframework.security.web.servletapi.SecurityContextHolderAwareRequestFilter@3341da34, org.springframework.security.web.authentication.AnonymousAuthenticationFilter@13f39558, org.springframework.security.web.session.SessionManagementFilter@7a5117e, org.springframework.security.web.access.ExceptionTranslationFilter@6f96b1d5, org.springframework.security.web.access.intercept.FilterSecurityInterceptor@48a2fb64]
2020-08-28 17:15:34.869  INFO 46624 --- [    Test worker] o.s.s.concurrent.ThreadPoolTaskExecutor  : Initializing ExecutorService 'applicationTaskExecutor'
2020-08-28 17:15:34.883  WARN 46624 --- [    Test worker] aWebConfiguration$JpaWebMvcConfiguration : spring.jpa.open-in-view is enabled by default. Therefore, database queries may be performed during view rendering. Explicitly configure spring.jpa.open-in-view to disable this warning
2020-08-28 17:15:34.909  INFO 46624 --- [    Test worker] o.s.b.a.w.s.WelcomePageHandlerMapping    : Adding welcome page template: index
2020-08-28 17:15:35.168  INFO 46624 --- [    Test worker] s.a.ScheduledAnnotationBeanPostProcessor : No TaskScheduler/ScheduledExecutorService bean found for scheduled processing
2020-08-28 17:15:35.192  INFO 46624 --- [    Test worker] o.s.b.w.embedded.tomcat.TomcatWebServer  : Tomcat started on port(s): 62892 (http) with context path ''
2020-08-28 17:15:35.192  INFO 46624 --- [    Test worker] c.j.b.s.web.IndexControllerTest          : Started IndexControllerTest in 3.723 seconds (JVM running for 6.61)
2020-08-28 17:15:35.276  INFO 46624 --- [o-auto-1-exec-1] o.a.c.c.C.[Tomcat].[localhost].[/]       : Initializing Spring DispatcherServlet 'dispatcherServlet'
2020-08-28 17:15:35.276  INFO 46624 --- [o-auto-1-exec-1] o.s.web.servlet.DispatcherServlet        : Initializing Servlet 'dispatcherServlet'
2020-08-28 17:15:35.291  INFO 46624 --- [o-auto-1-exec-1] o.s.web.servlet.DispatcherServlet        : Completed initialization in 15 ms
Hibernate: select posts0_.id as id1_0_, posts0_.created_date as created_2_0_, posts0_.modified_date as modified3_0_, posts0_.author as author4_0_, posts0_.content as content5_0_, posts0_.title as title6_0_ from posts posts0_ order by posts0_.id DESC
]]></system-out>
  <system-err><![CDATA[]]></system-err>
</testsuite>
